Using pre-set license
Built from '2021.3/china_unity/release' branch; Version is '2021.3.17f1c1 (ce16c97e2804) revision 13506249'; Using compiler version '192829333'; Build Type 'Release'
OS: 'Windows 10  (10.0.19045) 64bit Professional' Language: 'zh' Physical Memory: 32621 MB
BatchMode: 1, IsHumanControllingUs: 0, StartBugReporterOnCrash: 0, Is64bit: 1, IsPro: 1

COMMAND LINE ARGUMENTS:
C:\Program Files\Unity\Hub\Editor\2021.3.17f1c1\Editor\Unity.exe
-adb2
-batchMode
-noUpm
-name
AssetImportWorker0
-projectPath
E:/Git/SpaceProgramProject/SpaceProgramProject
-logFile
Logs/AssetImportWorker0.log
-srvPort
55656
Successfully changed project path to: E:/Git/SpaceProgramProject/SpaceProgramProject
E:/Git/SpaceProgramProject/SpaceProgramProject
[UnityMemory] Configuration Parameters - Can be set up in boot.config
    "memorysetup-bucket-allocator-granularity=16"
    "memorysetup-bucket-allocator-bucket-count=8"
    "memorysetup-bucket-allocator-block-size=33554432"
    "memorysetup-bucket-allocator-block-count=8"
    "memorysetup-main-allocator-block-size=16777216"
    "memorysetup-thread-allocator-block-size=16777216"
    "memorysetup-gfx-main-allocator-block-size=16777216"
    "memorysetup-gfx-thread-allocator-block-size=16777216"
    "memorysetup-cache-allocator-block-size=4194304"
    "memorysetup-typetree-allocator-block-size=2097152"
    "memorysetup-profiler-bucket-allocator-granularity=16"
    "memorysetup-profiler-bucket-allocator-bucket-count=8"
    "memorysetup-profiler-bucket-allocator-block-size=33554432"
    "memorysetup-profiler-bucket-allocator-block-count=8"
    "memorysetup-profiler-allocator-block-size=16777216"
    "memorysetup-profiler-editor-allocator-block-size=1048576"
    "memorysetup-temp-allocator-size-main=16777216"
    "memorysetup-job-temp-allocator-block-size=2097152"
    "memorysetup-job-temp-allocator-block-size-background=1048576"
    "memorysetup-job-temp-allocator-reduction-small-platforms=262144"
    "memorysetup-temp-allocator-size-background-worker=32768"
    "memorysetup-temp-allocator-size-job-worker=262144"
    "memorysetup-temp-allocator-size-preload-manager=33554432"
    "memorysetup-temp-allocator-size-nav-mesh-worker=65536"
    "memorysetup-temp-allocator-size-audio-worker=65536"
    "memorysetup-temp-allocator-size-cloud-worker=32768"
    "memorysetup-temp-allocator-size-gi-baking-worker=262144"
    "memorysetup-temp-allocator-size-gfx=262144"
Player connection [35056] Host "[IP] 192.168.0.2 [Port] 0 [Flags] 2 [Guid] 3148038037 [EditorId] 3148038037 [Version] 1048832 [Id] WindowsEditor(7,DESKTOP-KCN3F7P) [Debug] 1 [PackageName] WindowsEditor [ProjectName] Editor" joined multi-casting on [225.0.0.222:54997]...

Player connection [35056] Host "[IP] 192.168.0.2 [Port] 0 [Flags] 2 [Guid] 3148038037 [EditorId] 3148038037 [Version] 1048832 [Id] WindowsEditor(7,DESKTOP-KCN3F7P) [Debug] 1 [PackageName] WindowsEditor [ProjectName] Editor" joined alternative multi-casting on [225.0.0.222:34997]...

AS: AutoStreaming module initializing.
Refreshing native plugins compatible for Editor in 122.62 ms, found 3 plugins.
Preloading 0 native plugins for Editor in 0.00 ms.
Initialize engine version: 2021.3.17f1c1 (ce16c97e2804)
[Subsystems] Discovering subsystems at path C:/Program Files/Unity/Hub/Editor/2021.3.17f1c1/Editor/Data/Resources/UnitySubsystems
[Subsystems] Discovering subsystems at path E:/Git/SpaceProgramProject/SpaceProgramProject/Assets
GfxDevice: creating device client; threaded=0; jobified=0
Direct3D:
    Version:  Direct3D 11.0 [level 11.1]
    Renderer: NVIDIA GeForce RTX 3060 Ti (ID=0x2489)
    Vendor:   NVIDIA
    VRAM:     8038 MB
    Driver:   31.0.15.2698
Initialize mono
Mono path[0] = 'C:/Program Files/Unity/Hub/Editor/2021.3.17f1c1/Editor/Data/Managed'
Mono path[1] = 'C:/Program Files/Unity/Hub/Editor/2021.3.17f1c1/Editor/Data/MonoBleedingEdge/lib/mono/unityjit-win32'
Mono config path = 'C:/Program Files/Unity/Hub/Editor/2021.3.17f1c1/Editor/Data/MonoBleedingEdge/etc'
Using monoOptions --debugger-agent=transport=dt_socket,embedding=1,server=y,suspend=n,address=127.0.0.1:56276
Begin MonoManager ReloadAssembly
Registering precompiled unity dll's ...
Register platform support module: C:/Program Files/Unity/Hub/Editor/2021.3.17f1c1/Editor/Data/PlaybackEngines/WindowsStandaloneSupport/UnityEditor.WindowsStandalone.Extensions.dll
Registered in 0.005829 seconds.
Native extension for WindowsStandalone target not found
Refreshing native plugins compatible for Editor in 145.98 ms, found 3 plugins.
Preloading 0 native plugins for Editor in 0.00 ms.
Mono: successfully reloaded assembly
- Completed reload, in  0.636 seconds
Domain Reload Profiling:
	ReloadAssembly (636ms)
		BeginReloadAssembly (65ms)
			ExecutionOrderSort (0ms)
			DisableScriptedObjects (0ms)
			BackupInstance (0ms)
			ReleaseScriptingObjects (0ms)
			CreateAndSetChildDomain (1ms)
		EndReloadAssembly (468ms)
			LoadAssemblies (61ms)
			RebuildTransferFunctionScriptingTraits (0ms)
			SetupTypeCache (88ms)
			ReleaseScriptCaches (0ms)
			RebuildScriptCaches (22ms)
			SetupLoadedEditorAssemblies (314ms)
				LogAssemblyErrors (0ms)
				InitializePlatformSupportModulesInManaged (6ms)
				SetLoadedEditorAssemblies (0ms)
				RefreshPlugins (146ms)
				BeforeProcessingInitializeOnLoad (2ms)
				ProcessInitializeOnLoadAttributes (116ms)
				ProcessInitializeOnLoadMethodAttributes (43ms)
				AfterProcessingInitializeOnLoad (0ms)
				EditorAssembliesLoaded (0ms)
			ExecutionOrderSort2 (0ms)
			AwakeInstancesAfterBackupRestoration (0ms)
Platform modules already initialized, skipping
Registering precompiled user dll's ...
Registered in 0.007843 seconds.
Begin MonoManager ReloadAssembly
Symbol file LoadedFromMemory doesn't match image E:\Git\SpaceProgramProject\SpaceProgramProject\Library\PackageCache\com.unity.visualscripting@1.8.0\Editor\VisualScripting.Core\Dependencies\YamlDotNet\Unity.VisualScripting.YamlDotNet.dll
Symbol file LoadedFromMemory doesn't match image E:\Git\SpaceProgramProject\SpaceProgramProject\Library\PackageCache\com.unity.visualscripting@1.8.0\Editor\VisualScripting.Core\Dependencies\DotNetZip\Unity.VisualScripting.IonicZip.dll
Native extension for WindowsStandalone target not found
Refreshing native plugins compatible for Editor in 1.34 ms, found 3 plugins.
Preloading 0 native plugins for Editor in 0.00 ms.
[ScriptCompilation] NOT recompiling all scripts because this is an import worker process. Reason to compile was: Define symbols changed
Mono: successfully reloaded assembly
- Completed reload, in  1.330 seconds
Domain Reload Profiling:
	ReloadAssembly (1331ms)
		BeginReloadAssembly (100ms)
			ExecutionOrderSort (0ms)
			DisableScriptedObjects (5ms)
			BackupInstance (0ms)
			ReleaseScriptingObjects (0ms)
			CreateAndSetChildDomain (18ms)
		EndReloadAssembly (1127ms)
			LoadAssemblies (204ms)
			RebuildTransferFunctionScriptingTraits (0ms)
			SetupTypeCache (267ms)
			ReleaseScriptCaches (1ms)
			RebuildScriptCaches (64ms)
			SetupLoadedEditorAssemblies (550ms)
				LogAssemblyErrors (0ms)
				InitializePlatformSupportModulesInManaged (4ms)
				SetLoadedEditorAssemblies (0ms)
				RefreshPlugins (1ms)
				BeforeProcessingInitializeOnLoad (83ms)
				ProcessInitializeOnLoadAttributes (429ms)
				ProcessInitializeOnLoadMethodAttributes (24ms)
				AfterProcessingInitializeOnLoad (7ms)
				EditorAssembliesLoaded (0ms)
			ExecutionOrderSort2 (0ms)
			AwakeInstancesAfterBackupRestoration (6ms)
Platform modules already initialized, skipping
========================================================================
Worker process is ready to serve import requests
Launched and connected shader compiler UnityShaderCompiler.exe after 0.06 seconds
Refreshing native plugins compatible for Editor in 2.72 ms, found 3 plugins.
Preloading 0 native plugins for Editor in 0.00 ms.
Unloading 3899 Unused Serialized files (Serialized files now loaded: 0)
Unloading 39 unused Assets / (1.3 MB). Loaded Objects now: 4352.
Memory consumption went from 156.1 MB to 154.8 MB.
Total: 5.606500 ms (FindLiveObjects: 0.411900 ms CreateObjectMapping: 0.453300 ms MarkObjects: 4.369600 ms  DeleteObjects: 0.370400 ms)

AssetImportParameters requested are different than current active one (requested -> active):
  custom:video-decoder-ogg-theora: a1e56fd34408186e4bbccfd4996cb3dc -> 
  custom:container-muxer-webm: aa71ff27fc2769a1b78a27578f13a17b -> 
  custom:container-demuxer-webm: 4f35f7cbe854078d1ac9338744f61a02 -> 
  custom:video-encoder-webm-vp8: eb34c28f22e8b96e1ab97ce403110664 -> 
  custom:audio-encoder-webm-vorbis: bf7c407c2cedff20999df2af8eb42d56 -> 
  custom:framework-win-MediaFoundation: 216162199b28c13a410421893ffa2e32 -> 
  custom:container-demuxer-ogg: 62fdf1f143b41e24485cea50d1cbac27 -> 
  custom:video-decoder-webm-vp8: 9c59270c3fd7afecdb556c50c9e8de78 -> 
  custom:audio-decoder-ogg-vorbis: bf7c407c2cedff20999df2af8eb42d56 -> 
========================================================================
Received Import Request.
  Time since last request: 288119.513877 seconds.
  path: Assets/Map
  artifactKey: Guid(2d93f8264d4dd084490324294e6edeac) Importer(815301076,1909f56bfc062723c751e8b465ee728b)
Start importing Assets/Map using Guid(2d93f8264d4dd084490324294e6edeac) Importer(815301076,1909f56bfc062723c751e8b465ee728b)  -> (artifact id: '635f1b79f4de1f3cd422660cc2da152a') in 0.033141 seconds 
========================================================================
Received Import Request.
  Time since last request: 9.240588 seconds.
  path: Assets/Map/TradingMarket_Profiles
  artifactKey: Guid(a7e8a30c845b8304f9ee0735fb7a1339) Importer(815301076,1909f56bfc062723c751e8b465ee728b)
Start importing Assets/Map/TradingMarket_Profiles using Guid(a7e8a30c845b8304f9ee0735fb7a1339) Importer(815301076,1909f56bfc062723c751e8b465ee728b)  -> (artifact id: 'f9c486a7ed3df84fa2cdc78ef100ad2c') in 0.013613 seconds 
========================================================================
Received Import Request.
  Time since last request: 2.030105 seconds.
  path: Assets/Map/TradingMarket_Profiles/Post-process Volume Profile.asset
  artifactKey: Guid(d4f1c9991fb95cb4aa2a913c1c3bbaba) Importer(815301076,1909f56bfc062723c751e8b465ee728b)
Start importing Assets/Map/TradingMarket_Profiles/Post-process Volume Profile.asset using Guid(d4f1c9991fb95cb4aa2a913c1c3bbaba) Importer(815301076,1909f56bfc062723c751e8b465ee728b)  -> (artifact id: '56924998fd202810854ca1bf05370190') in 0.035608 seconds 
========================================================================
Received Import Request.
  Time since last request: 687.289450 seconds.
  path: Assets/ArtAssets/PolygonSciFiSpace/Materials/Misc/PolygonScifiSpace_Skybox_01.mat
  artifactKey: Guid(142397bd25cf70c4a9fe0c954934f343) Importer(815301076,1909f56bfc062723c751e8b465ee728b)
Start importing Assets/ArtAssets/PolygonSciFiSpace/Materials/Misc/PolygonScifiSpace_Skybox_01.mat using Guid(142397bd25cf70c4a9fe0c954934f343) Importer(815301076,1909f56bfc062723c751e8b465ee728b)  -> (artifact id: '5323921df3a920ca4cfc1b7239dc8a58') in 0.114127 seconds 
========================================================================
Received Import Request.
  Time since last request: 0.000022 seconds.
  path: Assets/SpaceCombatKit/SpaceCombat/Demos/Content/Environment/Skybox_Up.png
  artifactKey: Guid(719324979dc13504183082a9992d3349) Importer(815301076,1909f56bfc062723c751e8b465ee728b)
Start importing Assets/SpaceCombatKit/SpaceCombat/Demos/Content/Environment/Skybox_Up.png using Guid(719324979dc13504183082a9992d3349) Importer(815301076,1909f56bfc062723c751e8b465ee728b)  -> (artifact id: 'bf44f781fb7bb2ea3cbc39e662cfaf8e') in 0.040638 seconds 
========================================================================
Received Import Request.
  Time since last request: 0.000030 seconds.
  path: Assets/ArtAssets/PolygonSciFiWorlds/Models/SM_Generic_SkyDome_02.fbx
  artifactKey: Guid(bb9ec43720ec8734facd20437145de90) Importer(815301076,1909f56bfc062723c751e8b465ee728b)
Start importing Assets/ArtAssets/PolygonSciFiWorlds/Models/SM_Generic_SkyDome_02.fbx using Guid(bb9ec43720ec8734facd20437145de90) Importer(815301076,1909f56bfc062723c751e8b465ee728b)  -> (artifact id: '62c80001a58a6481ea6f4c3ce32b8d54') in 0.388544 seconds 
========================================================================
Received Import Request.
  Time since last request: 0.000020 seconds.
  path: Assets/ArtAssets/PolygonSciFiSpace/Textures/FX_Textures/PolygonSciFiSpace_Skybox_04_Down.png
  artifactKey: Guid(8b0e5236251cce34b8df052440f0bbee) Importer(815301076,1909f56bfc062723c751e8b465ee728b)
Start importing Assets/ArtAssets/PolygonSciFiSpace/Textures/FX_Textures/PolygonSciFiSpace_Skybox_04_Down.png using Guid(8b0e5236251cce34b8df052440f0bbee) Importer(815301076,1909f56bfc062723c751e8b465ee728b)  -> (artifact id: '32d74bdca0d80a44ffb357a89fabe456') in 0.023063 seconds 
========================================================================
Received Import Request.
  Time since last request: 0.000021 seconds.
  path: Assets/SpaceCombatKit/SpaceCombat/Demos/Content/Environment/Skybox_Back.png
  artifactKey: Guid(96efad6f12c43614cb6e8248076db6f2) Importer(815301076,1909f56bfc062723c751e8b465ee728b)
Start importing Assets/SpaceCombatKit/SpaceCombat/Demos/Content/Environment/Skybox_Back.png using Guid(96efad6f12c43614cb6e8248076db6f2) Importer(815301076,1909f56bfc062723c751e8b465ee728b)  -> (artifact id: 'fd9795d76f36bb0ad3e51cacf528ff1a') in 0.031556 seconds 
========================================================================
Received Import Request.
  Time since last request: 0.000021 seconds.
  path: Assets/SpaceCombatKit/SpaceCombat/Demos/Content/Environment/Skybox_Right.png
  artifactKey: Guid(54a0e548d6229684eb253d5c80deaf63) Importer(815301076,1909f56bfc062723c751e8b465ee728b)
Start importing Assets/SpaceCombatKit/SpaceCombat/Demos/Content/Environment/Skybox_Right.png using Guid(54a0e548d6229684eb253d5c80deaf63) Importer(815301076,1909f56bfc062723c751e8b465ee728b)  -> (artifact id: '7bd62a72cc8e8b8ea3a688d2fb93684d') in 0.035703 seconds 
========================================================================
Received Import Request.
  Time since last request: 0.000024 seconds.
  path: Assets/ArtAssets/PolygonSciFiCity/Prefabs/Environments/SkyDome.prefab
  artifactKey: Guid(1d7dd8ea7cd8cc64bab1f6bee8ef01d5) Importer(815301076,1909f56bfc062723c751e8b465ee728b)
Start importing Assets/ArtAssets/PolygonSciFiCity/Prefabs/Environments/SkyDome.prefab using Guid(1d7dd8ea7cd8cc64bab1f6bee8ef01d5) Importer(815301076,1909f56bfc062723c751e8b465ee728b)  -> (artifact id: '771c155184941410cd2bdfebe1a7b64b') in 0.060975 seconds 
========================================================================
Received Import Request.
  Time since last request: 0.000014 seconds.
  path: Assets/ArtAssets/PolygonSciFiCity/Models/SkyDome.fbx
  artifactKey: Guid(1340630fb7a3267499177be33f281f05) Importer(815301076,1909f56bfc062723c751e8b465ee728b)
Start importing Assets/ArtAssets/PolygonSciFiCity/Models/SkyDome.fbx using Guid(1340630fb7a3267499177be33f281f05) Importer(815301076,1909f56bfc062723c751e8b465ee728b)  -> (artifact id: '13c8db1164529f8f4cea2a3a4d3504cf') in 0.061737 seconds 
========================================================================
Received Import Request.
  Time since last request: 0.000013 seconds.
  path: Assets/ArtAssets/PolygonSciFiWorlds/Materials/Sky/Skybox_Exp.mat
  artifactKey: Guid(b5618d0ac40445e4ea32e1238a37bf95) Importer(815301076,1909f56bfc062723c751e8b465ee728b)
Start importing Assets/ArtAssets/PolygonSciFiWorlds/Materials/Sky/Skybox_Exp.mat using Guid(b5618d0ac40445e4ea32e1238a37bf95) Importer(815301076,1909f56bfc062723c751e8b465ee728b)  -> (artifact id: '804048dd1d062a85bab5d19570b759b8') in 0.032240 seconds 
========================================================================
Received Import Request.
  Time since last request: 0.000022 seconds.
  path: Assets/ArtAssets/PolygonSciFiSpace/Textures/FX_Textures/PolygonSciFiSpace_Skybox_04_Up.png
  artifactKey: Guid(ba8702646e4568d4fa1c04b34898d250) Importer(815301076,1909f56bfc062723c751e8b465ee728b)
Start importing Assets/ArtAssets/PolygonSciFiSpace/Textures/FX_Textures/PolygonSciFiSpace_Skybox_04_Up.png using Guid(ba8702646e4568d4fa1c04b34898d250) Importer(815301076,1909f56bfc062723c751e8b465ee728b)  -> (artifact id: 'd0b3e7d8051bbd1bfa475b317ad51826') in 0.020222 seconds 
========================================================================
Received Import Request.
  Time since last request: 0.000023 seconds.
  path: Assets/ArtAssets/PolygonSciFiWorlds/Textures/Misc/Skybox/PolygonSciFiWorlds_Skybox_01_Back.png
  artifactKey: Guid(a01751eccaffaad40b985adf18a8a0d1) Importer(815301076,1909f56bfc062723c751e8b465ee728b)
Start importing Assets/ArtAssets/PolygonSciFiWorlds/Textures/Misc/Skybox/PolygonSciFiWorlds_Skybox_01_Back.png using Guid(a01751eccaffaad40b985adf18a8a0d1) Importer(815301076,1909f56bfc062723c751e8b465ee728b)  -> (artifact id: '5330342b425c6cf5eefc2815988bb598') in 0.037067 seconds 
========================================================================
Received Import Request.
  Time since last request: 0.000015 seconds.
  path: Assets/SpaceCombatKit/SpaceCombat/Demos/Content/Environment/SpaceSkybox_right.png
  artifactKey: Guid(3a4c40e3a3e6501479bffa08b604431f) Importer(815301076,1909f56bfc062723c751e8b465ee728b)
Start importing Assets/SpaceCombatKit/SpaceCombat/Demos/Content/Environment/SpaceSkybox_right.png using Guid(3a4c40e3a3e6501479bffa08b604431f) Importer(815301076,1909f56bfc062723c751e8b465ee728b)  -> (artifact id: 'd481276bea34b35c9ec62fe506eaa7ba') in 0.065341 seconds 
========================================================================
Received Import Request.
  Time since last request: 0.000019 seconds.
  path: Assets/ArtAssets/PolygonSciFiWorlds/Materials/Sky/Skybox_Base.mat
  artifactKey: Guid(5c7c9ba3263d5c04786015d32cc12025) Importer(815301076,1909f56bfc062723c751e8b465ee728b)
Start importing Assets/ArtAssets/PolygonSciFiWorlds/Materials/Sky/Skybox_Base.mat using Guid(5c7c9ba3263d5c04786015d32cc12025) Importer(815301076,1909f56bfc062723c751e8b465ee728b)  -> (artifact id: '76d449fe702679ba350959d8728b8058') in 0.039069 seconds 
========================================================================
Received Import Request.
  Time since last request: 0.000015 seconds.
  path: Assets/ArtAssets/PolygonSciFiWorlds/Prefabs/FX/SkyDome.prefab
  artifactKey: Guid(a79ec8b373198d74f9ea6d1eaa4ec7f3) Importer(815301076,1909f56bfc062723c751e8b465ee728b)
Start importing Assets/ArtAssets/PolygonSciFiWorlds/Prefabs/FX/SkyDome.prefab using Guid(a79ec8b373198d74f9ea6d1eaa4ec7f3) Importer(815301076,1909f56bfc062723c751e8b465ee728b)  -> (artifact id: '33a196abbb299e6ac56514adfb314984') in 0.301968 seconds 
========================================================================
Received Import Request.
  Time since last request: 0.000019 seconds.
  path: Assets/ArtAssets/PolygonSciFiWorlds/Materials/Sky/Skybox_Base_UV.mat
  artifactKey: Guid(e4b67bc8a219d7b48bbb1b27aed920b8) Importer(815301076,1909f56bfc062723c751e8b465ee728b)
Start importing Assets/ArtAssets/PolygonSciFiWorlds/Materials/Sky/Skybox_Base_UV.mat using Guid(e4b67bc8a219d7b48bbb1b27aed920b8) Importer(815301076,1909f56bfc062723c751e8b465ee728b)  -> (artifact id: '9dac1a13a39843c4932a389d3f9bdf4b') in 0.115208 seconds 
========================================================================
Received Import Request.
  Time since last request: 0.000024 seconds.
  path: Assets/ArtAssets/PolygonSciFiWorlds/Textures/Misc/Skybox/PolygonSciFiWorlds_Skybox_01_Right.png
  artifactKey: Guid(df99b883354045143a293ea4192f7551) Importer(815301076,1909f56bfc062723c751e8b465ee728b)
Start importing Assets/ArtAssets/PolygonSciFiWorlds/Textures/Misc/Skybox/PolygonSciFiWorlds_Skybox_01_Right.png using Guid(df99b883354045143a293ea4192f7551) Importer(815301076,1909f56bfc062723c751e8b465ee728b)  -> (artifact id: '68dc2f00b254bb939e202f9523d8bc3c') in 0.017764 seconds 
========================================================================
Received Import Request.
  Time since last request: 0.000018 seconds.
  path: Assets/SpaceCombatKit/SpaceCombat/Demos/Content/Environment/Skybox_Left.png
  artifactKey: Guid(0af2adeb1c415974db417ba4fb53a062) Importer(815301076,1909f56bfc062723c751e8b465ee728b)
Start importing Assets/SpaceCombatKit/SpaceCombat/Demos/Content/Environment/Skybox_Left.png using Guid(0af2adeb1c415974db417ba4fb53a062) Importer(815301076,1909f56bfc062723c751e8b465ee728b)  -> (artifact id: '4dafca471e72ddc64df1ba7e7375332f') in 0.036253 seconds 
========================================================================
Received Import Request.
  Time since last request: 0.000017 seconds.
  path: Assets/ArtAssets/PolygonSciFiWorlds/Materials/Misc/SkyBoxSpace.mat
  artifactKey: Guid(d6ae44ff8913405409b61351c6788c87) Importer(815301076,1909f56bfc062723c751e8b465ee728b)
Start importing Assets/ArtAssets/PolygonSciFiWorlds/Materials/Misc/SkyBoxSpace.mat using Guid(d6ae44ff8913405409b61351c6788c87) Importer(815301076,1909f56bfc062723c751e8b465ee728b)  -> (artifact id: 'da93159cac2ddb129a8faffe171edf43') in 0.043862 seconds 
========================================================================
Received Import Request.
  Time since last request: 0.000023 seconds.
  path: Assets/SpaceCombatKit/SpaceCombat/Demos/Content/Environment/SpaceSkybox_back.png
  artifactKey: Guid(38b792b0320df8e4c803d32a740f2f31) Importer(815301076,1909f56bfc062723c751e8b465ee728b)
Start importing Assets/SpaceCombatKit/SpaceCombat/Demos/Content/Environment/SpaceSkybox_back.png using Guid(38b792b0320df8e4c803d32a740f2f31) Importer(815301076,1909f56bfc062723c751e8b465ee728b)  -> (artifact id: 'c9792e6c5c5334d927654223dc054858') in 0.050197 seconds 
========================================================================
Received Import Request.
  Time since last request: 0.000015 seconds.
  path: Assets/ArtAssets/PolygonSciFiWorlds/Textures/Misc/Skybox/PolygonSciFiWorlds_Skybox_01_Front.png
  artifactKey: Guid(3e014d40753ce64478c4d5132c7a14d6) Importer(815301076,1909f56bfc062723c751e8b465ee728b)
Start importing Assets/ArtAssets/PolygonSciFiWorlds/Textures/Misc/Skybox/PolygonSciFiWorlds_Skybox_01_Front.png using Guid(3e014d40753ce64478c4d5132c7a14d6) Importer(815301076,1909f56bfc062723c751e8b465ee728b)  -> (artifact id: '4e19c4da3dcf1fb6aa198a8f5d98ea93') in 0.021779 seconds 
========================================================================
Received Import Request.
  Time since last request: 0.000019 seconds.
  path: Assets/ArtAssets/PolygonSciFiCity/Textures/SimpleSky.png
  artifactKey: Guid(6506ebfbf33dbd04e82b283f8c1925f6) Importer(815301076,1909f56bfc062723c751e8b465ee728b)
Start importing Assets/ArtAssets/PolygonSciFiCity/Textures/SimpleSky.png using Guid(6506ebfbf33dbd04e82b283f8c1925f6) Importer(815301076,1909f56bfc062723c751e8b465ee728b)  -> (artifact id: '9fcfc7d735c91b0e2e45a502f539e0a9') in 0.022385 seconds 
========================================================================
Received Import Request.
  Time since last request: 0.000025 seconds.
  path: Assets/ArtAssets/PolygonSciFiWorlds/Models/SM_FX_Skydone_Sun_01.fbx
  artifactKey: Guid(0a471f56e2ef9fa43bd6d20620aa8982) Importer(815301076,1909f56bfc062723c751e8b465ee728b)
Start importing Assets/ArtAssets/PolygonSciFiWorlds/Models/SM_FX_Skydone_Sun_01.fbx using Guid(0a471f56e2ef9fa43bd6d20620aa8982) Importer(815301076,1909f56bfc062723c751e8b465ee728b)  -> (artifact id: '2198402f8311fd98b971c4343f9137fe') in 0.044807 seconds 
========================================================================
Received Import Request.
  Time since last request: 0.000028 seconds.
  path: Assets/ArtAssets/PolygonSciFiSpace/Textures/FX_Textures/PolygonSciFiSpace_Skybox_03_Left.png
  artifactKey: Guid(a5de6302d18e9cd4ca5e6c2ac93224f6) Importer(815301076,1909f56bfc062723c751e8b465ee728b)
Start importing Assets/ArtAssets/PolygonSciFiSpace/Textures/FX_Textures/PolygonSciFiSpace_Skybox_03_Left.png using Guid(a5de6302d18e9cd4ca5e6c2ac93224f6) Importer(815301076,1909f56bfc062723c751e8b465ee728b)  -> (artifact id: '0fbccca7a08a51646add762cf67def43') in 0.025162 seconds 
========================================================================
Received Import Request.
  Time since last request: 0.000014 seconds.
  path: Assets/ArtAssets/PolygonSciFiSpace/Textures/FX_Textures/PolygonSciFiSpace_Skybox_01_Right.png
  artifactKey: Guid(f7a8f35995a2c6747a5f5bfd0cec8530) Importer(815301076,1909f56bfc062723c751e8b465ee728b)
Start importing Assets/ArtAssets/PolygonSciFiSpace/Textures/FX_Textures/PolygonSciFiSpace_Skybox_01_Right.png using Guid(f7a8f35995a2c6747a5f5bfd0cec8530) Importer(815301076,1909f56bfc062723c751e8b465ee728b)  -> (artifact id: '567ade6d5bcbcaf50c06c1d6984b0858') in 0.024597 seconds 
========================================================================
Received Import Request.
  Time since last request: 0.000017 seconds.
  path: Assets/ArtAssets/PolygonSciFiSpace/Textures/FX_Textures/PolygonSciFiSpace_Skybox_03_Front.png
  artifactKey: Guid(5b5f235f621d5b546ad0c9aea614f6fd) Importer(815301076,1909f56bfc062723c751e8b465ee728b)
Start importing Assets/ArtAssets/PolygonSciFiSpace/Textures/FX_Textures/PolygonSciFiSpace_Skybox_03_Front.png using Guid(5b5f235f621d5b546ad0c9aea614f6fd) Importer(815301076,1909f56bfc062723c751e8b465ee728b)  -> (artifact id: 'e328d1ff1080ace16561a7130f2591c5') in 0.031953 seconds 
========================================================================
Received Import Request.
  Time since last request: 0.000025 seconds.
  path: Assets/ArtAssets/PolygonSciFiSpace/Materials/Misc/PolygonScifiSpace_Skybox_04.mat
  artifactKey: Guid(171e6ee74c4706e408c3ae23b55f467f) Importer(815301076,1909f56bfc062723c751e8b465ee728b)
Start importing Assets/ArtAssets/PolygonSciFiSpace/Materials/Misc/PolygonScifiSpace_Skybox_04.mat using Guid(171e6ee74c4706e408c3ae23b55f467f) Importer(815301076,1909f56bfc062723c751e8b465ee728b)  -> (artifact id: 'f2ed7ed90af4aebae60e8bac52a45d85') in 0.029019 seconds 
========================================================================
Received Import Request.
  Time since last request: 0.000021 seconds.
  path: Assets/ArtAssets/PolygonSciFiSpace/Textures/FX_Textures/PolygonSciFiSpace_Skybox_03_Down.png
  artifactKey: Guid(128579b694f31944ab9df5f13269b9d4) Importer(815301076,1909f56bfc062723c751e8b465ee728b)
Start importing Assets/ArtAssets/PolygonSciFiSpace/Textures/FX_Textures/PolygonSciFiSpace_Skybox_03_Down.png using Guid(128579b694f31944ab9df5f13269b9d4) Importer(815301076,1909f56bfc062723c751e8b465ee728b)  -> (artifact id: 'e487fcb6995155ca210737f94f3af979') in 0.024795 seconds 
========================================================================
Received Import Request.
  Time since last request: 0.000016 seconds.
  path: Assets/ArtAssets/PolygonSciFiWorlds/Prefabs/Generic/SM_Generic_SkyDome_01.prefab
  artifactKey: Guid(7414eff5efdcaa04485f11dfa381738e) Importer(815301076,1909f56bfc062723c751e8b465ee728b)
Start importing Assets/ArtAssets/PolygonSciFiWorlds/Prefabs/Generic/SM_Generic_SkyDome_01.prefab using Guid(7414eff5efdcaa04485f11dfa381738e) Importer(815301076,1909f56bfc062723c751e8b465ee728b)  -> (artifact id: 'bf2bbcbfdd01b0a07eff948079770bea') in 0.032189 seconds 
========================================================================
Received Import Request.
  Time since last request: 0.000015 seconds.
  path: Assets/ArtAssets/PolygonSciFiSpace/Materials/Misc/PolygonScifiSpace_Skybox_02.mat
  artifactKey: Guid(cb0c4d20058461a4db7dc95a11a894ee) Importer(815301076,1909f56bfc062723c751e8b465ee728b)
Start importing Assets/ArtAssets/PolygonSciFiSpace/Materials/Misc/PolygonScifiSpace_Skybox_02.mat using Guid(cb0c4d20058461a4db7dc95a11a894ee) Importer(815301076,1909f56bfc062723c751e8b465ee728b)  -> (artifact id: '96ac9565da30ea84e72dcf1a624980e0') in 0.033792 seconds 
========================================================================
Received Import Request.
  Time since last request: 0.000020 seconds.
  path: Assets/ArtAssets/PolygonSciFiSpace/Textures/FX_Textures/PolygonSciFiSpace_Skybox_04_Right.png
  artifactKey: Guid(08885e6f733cc8a43b0385adf3ca065d) Importer(815301076,1909f56bfc062723c751e8b465ee728b)
Start importing Assets/ArtAssets/PolygonSciFiSpace/Textures/FX_Textures/PolygonSciFiSpace_Skybox_04_Right.png using Guid(08885e6f733cc8a43b0385adf3ca065d) Importer(815301076,1909f56bfc062723c751e8b465ee728b)  -> (artifact id: '00e1cea848c03a22e073af3a726022db') in 0.030919 seconds 
========================================================================
Received Import Request.
  Time since last request: 0.000036 seconds.
  path: Assets/SpaceCombatKit/SpaceCombat/Demos/Content/Environment/SpaceSkybox_down.png
  artifactKey: Guid(c4c4cb034d504744186a94bfb6ed24e6) Importer(815301076,1909f56bfc062723c751e8b465ee728b)
Start importing Assets/SpaceCombatKit/SpaceCombat/Demos/Content/Environment/SpaceSkybox_down.png using Guid(c4c4cb034d504744186a94bfb6ed24e6) Importer(815301076,1909f56bfc062723c751e8b465ee728b)  -> (artifact id: '8b0f57c136b9a4b2402e0953cac7be97') in 0.027622 seconds 
========================================================================
Received Import Request.
  Time since last request: 0.000034 seconds.
  path: Assets/ArtAssets/PolygonSciFiWorlds/Models/SM_FX_Skydome_01.fbx
  artifactKey: Guid(24a959a323f688e448bd2549f7b28f53) Importer(815301076,1909f56bfc062723c751e8b465ee728b)
Start importing Assets/ArtAssets/PolygonSciFiWorlds/Models/SM_FX_Skydome_01.fbx using Guid(24a959a323f688e448bd2549f7b28f53) Importer(815301076,1909f56bfc062723c751e8b465ee728b)  -> (artifact id: 'b27c916987013726a16be8c267299d30') in 0.022324 seconds 
========================================================================
Received Import Request.
  Time since last request: 10.375717 seconds.
  path: Assets/ArtAssets/PolygonSciFiWorlds/Textures/Misc/Dirt_Tex.png
  artifactKey: Guid(aeb9c6adc7c3b15489f7986476f74434) Importer(815301076,1909f56bfc062723c751e8b465ee728b)
Start importing Assets/ArtAssets/PolygonSciFiWorlds/Textures/Misc/Dirt_Tex.png using Guid(aeb9c6adc7c3b15489f7986476f74434) Importer(815301076,1909f56bfc062723c751e8b465ee728b)  -> (artifact id: '0581daa10baa5fb7d9e69b776de8e481') in 0.022860 seconds 
========================================================================
Received Import Request.
  Time since last request: 0.000019 seconds.
  path: Assets/ArtAssets/PolygonSciFiWorlds/Textures/Misc/Metal_Rust.png
  artifactKey: Guid(140daba61454ce74392be6b1d9606171) Importer(815301076,1909f56bfc062723c751e8b465ee728b)
Start importing Assets/ArtAssets/PolygonSciFiWorlds/Textures/Misc/Metal_Rust.png using Guid(140daba61454ce74392be6b1d9606171) Importer(815301076,1909f56bfc062723c751e8b465ee728b)  -> (artifact id: '092bfff5fb612b19afc2c21a97503d8a') in 0.023658 seconds 
========================================================================
Received Import Request.
  Time since last request: 0.000018 seconds.
  path: Assets/ArtAssets/PolygonSciFiWorlds/Textures/Misc/Planet_Test_04.png
  artifactKey: Guid(b08b2467c5aee754b9b8d4b60edc6cc7) Importer(815301076,1909f56bfc062723c751e8b465ee728b)
Start importing Assets/ArtAssets/PolygonSciFiWorlds/Textures/Misc/Planet_Test_04.png using Guid(b08b2467c5aee754b9b8d4b60edc6cc7) Importer(815301076,1909f56bfc062723c751e8b465ee728b)  -> (artifact id: '02d44cf116d3791f762cc49b62cffe99') in 0.022656 seconds 
========================================================================
Received Import Request.
  Time since last request: 0.000025 seconds.
  path: Assets/ArtAssets/PolygonSciFiWorlds/Textures/Misc/Planet_Test_03_Rim.png
  artifactKey: Guid(78204ff12f1124f478bf66b4e04eb8a6) Importer(815301076,1909f56bfc062723c751e8b465ee728b)
Start importing Assets/ArtAssets/PolygonSciFiWorlds/Textures/Misc/Planet_Test_03_Rim.png using Guid(78204ff12f1124f478bf66b4e04eb8a6) Importer(815301076,1909f56bfc062723c751e8b465ee728b)  -> (artifact id: 'eca7ca38df88e28c5584299ee25d8881') in 0.018354 seconds 
========================================================================
Received Import Request.
  Time since last request: 0.000023 seconds.
  path: Assets/ArtAssets/PolygonSciFiWorlds/Textures/Misc/Planet_Test_02.png
  artifactKey: Guid(b6204f059d33a5b4096e19632e1c7519) Importer(815301076,1909f56bfc062723c751e8b465ee728b)
Start importing Assets/ArtAssets/PolygonSciFiWorlds/Textures/Misc/Planet_Test_02.png using Guid(b6204f059d33a5b4096e19632e1c7519) Importer(815301076,1909f56bfc062723c751e8b465ee728b)  -> (artifact id: '0118256defe5852501c05c556e502f8d') in 0.021083 seconds 
========================================================================
Received Import Request.
  Time since last request: 0.000021 seconds.
  path: Assets/ArtAssets/PolygonSciFiWorlds/Textures/Misc/Metal_Greeble_01.png
  artifactKey: Guid(0ef30d816ab73d7499891015ae4f4b0a) Importer(815301076,1909f56bfc062723c751e8b465ee728b)
Start importing Assets/ArtAssets/PolygonSciFiWorlds/Textures/Misc/Metal_Greeble_01.png using Guid(0ef30d816ab73d7499891015ae4f4b0a) Importer(815301076,1909f56bfc062723c751e8b465ee728b)  -> (artifact id: '6a9f73825b169427ec8cc5ac574b337c') in 0.024175 seconds 
========================================================================
Received Import Request.
  Time since last request: 0.000030 seconds.
  path: Assets/ArtAssets/PolygonSciFiWorlds/Textures/Misc/Planet_Test_01.png
  artifactKey: Guid(0cff01051e6502246b75931fe5e9451d) Importer(815301076,1909f56bfc062723c751e8b465ee728b)
Start importing Assets/ArtAssets/PolygonSciFiWorlds/Textures/Misc/Planet_Test_01.png using Guid(0cff01051e6502246b75931fe5e9451d) Importer(815301076,1909f56bfc062723c751e8b465ee728b)  -> (artifact id: '9815e13ceb1abdfa31ec5caa59f29520') in 0.025645 seconds 
========================================================================
Received Import Request.
  Time since last request: 0.000030 seconds.
  path: Assets/ArtAssets/PolygonSciFiWorlds/Textures/Misc/Pebbles_normals.png
  artifactKey: Guid(6d01dbf4e2859b7478c65a412f28a0ad) Importer(815301076,1909f56bfc062723c751e8b465ee728b)
Start importing Assets/ArtAssets/PolygonSciFiWorlds/Textures/Misc/Pebbles_normals.png using Guid(6d01dbf4e2859b7478c65a412f28a0ad) Importer(815301076,1909f56bfc062723c751e8b465ee728b)  -> (artifact id: '9c416d6f137d62fbb263e8bca5ec9cb6') in 0.037439 seconds 
========================================================================
Received Import Request.
  Time since last request: 0.000042 seconds.
  path: Assets/ArtAssets/PolygonSciFiWorlds/Textures/Misc/Planet_Test_04_Glow.png
  artifactKey: Guid(d1616dfdc208f5845a01b666a7c59ca4) Importer(815301076,1909f56bfc062723c751e8b465ee728b)
Start importing Assets/ArtAssets/PolygonSciFiWorlds/Textures/Misc/Planet_Test_04_Glow.png using Guid(d1616dfdc208f5845a01b666a7c59ca4) Importer(815301076,1909f56bfc062723c751e8b465ee728b)  -> (artifact id: 'ce5692fd6b13e5c41c2adea22c411235') in 0.024433 seconds 
Editor requested this worker to shutdown with reason: Scaling down because of idle timeout
AssetImportWorker is now disconnected from the server
Process exiting
Exiting without the bug reporter. Application will terminate with return code 0